<?xml version="1.0" encoding="UTF-8"?>
<testng-results ignored="0" total="1" passed="1" failed="0" skipped="0">
  <reporter-output>
  </reporter-output>
  <suite started-at="2020-10-27T17:21:25 PDT" name="Default suite" finished-at="2020-10-27T17:21:34 PDT" duration-ms="9180">
    <groups>
    </groups>
    <test started-at="2020-10-27T17:21:25 PDT" name="Default test" finished-at="2020-10-27T17:21:34 PDT" duration-ms="9180">
      <class name="com.sky.selenium.NewTest">
        <test-method is-config="true" signature="beforeTest()[pri:0, instance:com.sky.selenium.NewTest@757acd7b]" started-at="2020-10-27T17:21:25 PDT" name="beforeTest" finished-at="2020-10-27T17:21:34 PDT" duration-ms="9000" status="PASS">
          <reporter-output>
          </reporter-output>
        </test-method> <!-- beforeTest -->
        <test-method signature="f()[pri:0, instance:com.sky.selenium.NewTest@757acd7b]" started-at="2020-10-27T17:21:34 PDT" name="f" finished-at="2020-10-27T17:21:34 PDT" duration-ms="34" status="PASS">
          <reporter-output>
          </reporter-output>
        </test-method> <!-- f -->
        <test-method is-config="true" signature="afterTest()[pri:0, instance:com.sky.selenium.NewTest@757acd7b]" started-at="2020-10-27T17:21:34 PDT" name="afterTest" finished-at="2020-10-27T17:21:34 PDT" duration-ms="105" status="PASS">
          <reporter-output>
          </reporter-output>
        </test-method> <!-- afterTest -->
      </class> <!-- com.sky.selenium.NewTest -->
    </test> <!-- Default test -->
  </suite> <!-- Default suite -->
</testng-results>
